<?xml version="1.0" encoding="UTF-8"?>
<!-- Generated by org.testng.reporters.JUnitReportReporter -->
<testsuite skipped="0" hostname="Pallavi" name="com.wstpc.regression.Assignment" tests="5" failures="0" timestamp="07 Oct 2018 10:41:46 GMT" time="26.464" errors="0">
  <testcase name="CurrencyConvertorErrValidation" time="7.542" classname="com.wstpc.regression.Assignment"/>
  <testcase name="CurrencyConversion" time="4.523" classname="com.wstpc.regression.Assignment"/>
  <testcase name="CurrencyConversion" time="4.467" classname="com.wstpc.regression.Assignment"/>
  <testcase name="CurrencyConversion" time="4.503" classname="com.wstpc.regression.Assignment"/>
  <testcase name="CurrencyConversion" time="5.429" classname="com.wstpc.regression.Assignment"/>
</testsuite> <!-- com.wstpc.regression.Assignment -->
