<?xml version="1.0" encoding="UTF-8"?>
<!-- Generated by org.testng.reporters.JUnitReportReporter -->
<testsuite skipped="0" hostname="Pallavi" name="com.wstpc.regression.Assignment" tests="5" failures="0" timestamp="07 Oct 2018 10:05:55 GMT" time="27.398" errors="0">
  <testcase name="CurrencyConvertorErrValidation" time="8.442" classname="com.wstpc.regression.Assignment"/>
  <testcase name="CurrencyConversion" time="4.671" classname="com.wstpc.regression.Assignment"/>
  <testcase name="CurrencyConversion" time="4.718" classname="com.wstpc.regression.Assignment"/>
  <testcase name="CurrencyConversion" time="5.081" classname="com.wstpc.regression.Assignment"/>
  <testcase name="CurrencyConversion" time="4.486" classname="com.wstpc.regression.Assignment"/>
</testsuite> <!-- com.wstpc.regression.Assignment -->
