<?xml version="1.0" encoding="UTF-8"?>
<!-- Generated by org.testng.reporters.JUnitReportReporter -->
<testsuite skipped="0" hostname="Pallavi" name="com.wstpc.regression.Assignment" tests="5" failures="0" timestamp="07 Oct 2018 08:02:12 GMT" time="38.115" errors="0">
  <testcase name="CurrencyConvertorErrValidation" time="20.602" classname="com.wstpc.regression.Assignment"/>
  <testcase name="CurrencyConversion" time="4.392" classname="com.wstpc.regression.Assignment"/>
  <testcase name="CurrencyConversion" time="4.331" classname="com.wstpc.regression.Assignment"/>
  <testcase name="CurrencyConversion" time="4.390" classname="com.wstpc.regression.Assignment"/>
  <testcase name="CurrencyConversion" time="4.400" classname="com.wstpc.regression.Assignment"/>
</testsuite> <!-- com.wstpc.regression.Assignment -->
